[2026-04-02 12:56:16] === Auto Follow 開始 (max=10) ===
[2026-04-02 12:56:16] 検索キーワード: ['土地 売買', '住宅ローン 金利', '固定資産税']
[2026-04-02 12:56:16]   検索中: 土地 売買
[2026-04-02 12:56:16] === Auto Follow 開始 (max=10) ===
[2026-04-02 12:56:16] 検索キーワード: ['マンション管理', 'マンション 売却', '不動産 仲介']
[2026-04-02 12:56:16]   検索中: マンション管理
[2026-04-02 12:56:17]   Search error: HTTP Error 403: Forbidden
[2026-04-02 12:56:18]   検索中: マンション 売却
[2026-04-02 12:56:18]   検索中: 住宅ローン 金利
[2026-04-02 12:56:18]   Search error: HTTP Error 403: Forbidden
[2026-04-02 12:56:19]   検索中: 固定資産税

[2026-04-02 12:56:19]   Search error: HTTP Error 403: Forbidden
[2026-04-02 12:56:19]   Search error: HTTP Error 403: Forbidden
[2026-04-02 12:56:20] 候補: 0人
[2026-04-02 12:56:20] フォロー候補が見つかりませんでした
[2026-04-02 12:56:20] 候補: 0人
[2026-04-02 12:56:20] フォロー候補が見つかりませんでした
[2026-04-02 18:00:00] === Auto Follow 開始 (max=10) ===
[2026-04-02 18:00:00] 検索キーワード: ['マイホーム', 'リノベーション', '住み替え']
[2026-04-02 18:00:00]   検索中: マイホーム
[2026-04-02 18:00:00]   Search error: HTTP Error 403: Forbidden
[2026-04-02 18:00:01]   検索中: リノベーション
[2026-04-02 18:00:02]   Search error: HTTP Error 403: Forbidden
[2026-04-02 18:00:03]   検索中: 住み替え
[2026-04-02 18:00:03]   Search error: HTTP Error 403: Forbidden
[2026-04-02 18:00:04] 候補: 0人
[2026-04-02 18:00:04] フォロー候補が見つかりませんでした
[2026-04-03 10:00:00] === Auto Follow 開始 (max=10) ===
[2026-04-03 10:00:00] 検索キーワード: ['固定資産税', '不動産 査定', 'マンション管理']
[2026-04-03 10:00:00]   検索中: 固定資産税
[2026-04-03 10:00:00]   Search error: HTTP Error 403: Forbidden
[2026-04-03 10:00:01]   検索中: 不動産 査定
[2026-04-03 10:00:02]   Search error: HTTP Error 403: Forbidden
[2026-04-03 10:00:03]   検索中: マンション管理
[2026-04-03 10:00:03]   Search error: HTTP Error 403: Forbidden
[2026-04-03 10:00:04] 候補: 0人
[2026-04-03 10:00:04] フォロー候補が見つかりませんでした
[2026-04-03 18:00:01] === Auto Follow 開始 (max=10) ===
[2026-04-03 18:00:01] 検索キーワード: ['土地 売買', '不動産 相場', '中古マンション']
[2026-04-03 18:00:01]   検索中: 土地 売買
[2026-04-03 18:00:01]   Search error: HTTP Error 403: Forbidden
[2026-04-03 18:00:02]   検索中: 不動産 相場
[2026-04-03 18:00:02]   Search error: HTTP Error 403: Forbidden
[2026-04-03 18:00:03]   検索中: 中古マンション
[2026-04-03 18:00:04]   Search error: HTTP Error 403: Forbidden
[2026-04-03 18:00:05] 候補: 0人
[2026-04-03 18:00:05] フォロー候補が見つかりませんでした
[2026-04-04 02:38:34] === Auto Follow 開始 (max=10) ===
[2026-04-04 02:38:34] === Auto Follow 開始 (max=10) ===
[2026-04-04 02:38:34] 検索キーワード: ['住宅ローン 金利', '不動産 査定', '不動産 相場']
[2026-04-04 02:38:34] 検索キーワード: ['不動産投資', 'マンション管理', 'リノベーション']
[2026-04-04 02:38:34]   検索中: 住宅ローン 金利
[2026-04-04 02:38:34]   検索中: 不動産投資
[2026-04-04 02:38:34]   Search error: HTTP Error 403: Forbidden
[2026-04-04 02:38:35]   検索中: マンション管理
[2026-04-04 02:38:35]   Search error: HTTP Error 403: Forbidden
[2026-04-04 02:38:35]   Search error: HTTP Error 403: Forbidden
[2026-04-04 02:38:36]   検索中: 不動産 相場
[2026-04-04 02:38:36]   検索中: リノベーション
[2026-04-04 02:38:36]   Search error: HTTP Error 403: Forbidden
[2026-04-04 02:38:36]   Search error: HTTP Error 403: Forbidden
[2026-04-04 02:38:37] 候補: 0人
[2026-04-04 02:38:37] フォロー候補が見つかりませんでした
[2026-04-04 02:38:37] 候補: 0人
[2026-04-04 02:38:37] フォロー候補が見つかりませんでした
[2026-04-04 10:00:01] === Auto Follow 開始 (max=10) ===
[2026-04-04 10:00:01] 検索キーワード: ['マンション 購入', '不動産 相場', '住宅ローン 金利']
[2026-04-04 10:00:01]   検索中: マンション 購入
[2026-04-04 10:00:02]   Search error: HTTP Error 403: Forbidden
[2026-04-04 10:00:03]   検索中: 不動産 相場
[2026-04-04 10:00:03]   Search error: HTTP Error 403: Forbidden
[2026-04-04 10:00:04]   検索中: 住宅ローン 金利
[2026-04-04 10:00:04]   Search error: HTTP Error 403: Forbidden
[2026-04-04 10:00:05] 候補: 0人
[2026-04-04 10:00:05] フォロー候補が見つかりませんでした
[2026-04-04 18:00:01] === Auto Follow 開始 (max=10) ===
[2026-04-04 18:00:01] 検索キーワード: ['中古マンション', '住み替え', '不動産 確定申告']
[2026-04-04 18:00:01]   検索中: 中古マンション
[2026-04-04 18:00:12]   Search error: <urlopen error [Errno 11001] getaddrinfo failed>
[2026-04-04 18:00:13]   検索中: 住み替え
[2026-04-04 18:00:24]   Search error: <urlopen error [Errno 11001] getaddrinfo failed>
[2026-04-04 18:00:25]   検索中: 不動産 確定申告
[2026-04-04 18:00:36]   Search error: <urlopen error [Errno 11001] getaddrinfo failed>
[2026-04-04 18:00:37] 候補: 0人
[2026-04-04 18:00:37] フォロー候補が見つかりませんでした
[2026-04-05 11:27:28] === Auto Follow 開始 (max=10) ===
[2026-04-05 11:27:28] 検索キーワード: ['不動産投資', 'マンション管理', 'ワンルーム投資']
[2026-04-05 11:27:28]   検索中: 不動産投資
[2026-04-05 11:27:29]   Search error: HTTP Error 403: Forbidden
[2026-04-05 11:27:30]   検索中: マンション管理
[2026-04-05 11:27:30]   Search error: HTTP Error 403: Forbidden
[2026-04-05 11:27:31]   検索中: ワンルーム投資
[2026-04-05 11:27:31]   Search error: HTTP Error 403: Forbidden
[2026-04-05 11:27:32] 候補: 0人
[2026-04-05 11:27:32] フォロー候補が見つかりませんでした
[2026-04-05 17:59:54] === Auto Follow 開始 (max=10) ===
[2026-04-05 17:59:54] 検索キーワード: ['住宅ローン 金利', '中古マンション', '不動産投資']
[2026-04-05 17:59:54]   検索中: 住宅ローン 金利
[2026-04-05 17:59:54]   Search error: HTTP Error 403: Forbidden
[2026-04-05 17:59:55]   検索中: 中古マンション
[2026-04-05 17:59:56]   Search error: HTTP Error 403: Forbidden
[2026-04-05 17:59:57]   検索中: 不動産投資
[2026-04-05 17:59:57]   Search error: HTTP Error 403: Forbidden
[2026-04-05 17:59:58] 候補: 0人
[2026-04-05 17:59:58] フォロー候補が見つかりませんでした
[2026-04-05 18:00:00] === Auto Follow 開始 (max=10) ===
[2026-04-05 18:00:00] 検索キーワード: ['マンション 購入', 'マイホーム', '賃貸経営']
[2026-04-05 18:00:00]   検索中: マンション 購入
[2026-04-05 18:00:00]   Search error: HTTP Error 403: Forbidden
[2026-04-05 18:00:01]   検索中: マイホーム
[2026-04-05 18:00:02]   Search error: HTTP Error 403: Forbidden
[2026-04-05 18:00:03]   検索中: 賃貸経営
[2026-04-05 18:00:03]   Search error: HTTP Error 403: Forbidden
[2026-04-05 18:00:04] 候補: 0人
[2026-04-05 18:00:04] フォロー候補が見つかりませんでした
[2026-04-06 10:00:00] === Auto Follow 開始 (max=10) ===
[2026-04-06 10:00:00] 検索キーワード: ['リノベーション', '賃貸経営', '住宅ローン 金利']
[2026-04-06 10:00:00]   検索中: リノベーション
[2026-04-06 10:00:00]   Search error: HTTP Error 403: Forbidden
[2026-04-06 10:00:01]   検索中: 賃貸経営
[2026-04-06 10:00:01]   Search error: HTTP Error 403: Forbidden
[2026-04-06 10:00:02]   検索中: 住宅ローン 金利
[2026-04-06 10:00:02]   Search error: HTTP Error 403: Forbidden
[2026-04-06 10:00:03] 候補: 0人
[2026-04-06 10:00:03] フォロー候補が見つかりませんでした
[2026-04-06 18:00:00] === Auto Follow 開始 (max=10) ===
[2026-04-06 18:00:00] 検索キーワード: ['マンション 購入', '不動産 仲介', '住み替え']
[2026-04-06 18:00:00]   検索中: マンション 購入
[2026-04-06 18:00:00]   Search error: HTTP Error 403: Forbidden
[2026-04-06 18:00:01]   検索中: 不動産 仲介
[2026-04-06 18:00:01]   Search error: HTTP Error 403: Forbidden
[2026-04-06 18:00:02]   検索中: 住み替え
[2026-04-06 18:00:03]   Search error: HTTP Error 403: Forbidden
[2026-04-06 18:00:04] 候補: 0人
[2026-04-06 18:00:04] フォロー候補が見つかりませんでした
[2026-04-07 07:33:54] === Auto Follow 開始 (max=10) ===
[2026-04-07 07:33:54] 検索キーワード: ['賃貸経営', '住み替え', '不動産 確定申告']
[2026-04-07 07:33:54]   検索中: 賃貸経営
[2026-04-07 07:33:54] === Auto Follow 開始 (max=10) ===
[2026-04-07 07:33:54] 検索キーワード: ['マンション 購入', '不動産 相場', '中古マンション']
[2026-04-07 07:33:54]   検索中: マンション 購入
[2026-04-07 07:33:55]   Search error: HTTP Error 403: Forbidden
[2026-04-07 07:33:55]   Search error: HTTP Error 403: Forbidden
[2026-04-07 07:33:56]   検索中: 不動産 相場
[2026-04-07 07:33:56]   検索中: 住み替え
[2026-04-07 07:33:56]   Search error: HTTP Error 403: Forbidden
[2026-04-07 07:33:56]   Search error: HTTP Error 403: Forbidden
[2026-04-07 07:33:57]   検索中: 中古マンション
[2026-04-07 07:33:57]   検索中: 不動産 確定申告
[2026-04-07 07:33:57]   Search error: HTTP Error 403: Forbidden
[2026-04-07 07:33:57]   Search error: HTTP Error 403: Forbidden
[2026-04-07 07:33:58] 候補: 0人
[2026-04-07 07:33:58] フォロー候補が見つかりませんでした
[2026-04-07 07:33:58] 候補: 0人
[2026-04-07 07:33:58] フォロー候補が見つかりませんでした
[2026-04-07 10:00:00] === Auto Follow 開始 (max=10) ===
[2026-04-07 10:00:00] 検索キーワード: ['不動産 確定申告', 'マンション管理', '不動産 仲介']
[2026-04-07 10:00:00]   検索中: 不動産 確定申告
[2026-04-07 10:00:00]   Search error: HTTP Error 403: Forbidden
[2026-04-07 10:00:01]   検索中: マンション管理
[2026-04-07 10:00:01]   Search error: HTTP Error 403: Forbidden
[2026-04-07 10:00:02]   検索中: 不動産 仲介
[2026-04-07 10:00:02]   Search error: HTTP Error 403: Forbidden
[2026-04-07 10:00:03] 候補: 0人
[2026-04-07 10:00:03] フォロー候補が見つかりませんでした
[2026-04-08 10:00:01] === Auto Follow 開始 (max=10) ===
[2026-04-08 10:00:01] 検索キーワード: ['固定資産税', '土地 売買', '相続 不動産']
[2026-04-08 10:00:01]   検索中: 固定資産税
[2026-04-08 10:00:01]   Search error: HTTP Error 403: Forbidden
[2026-04-08 10:00:02]   検索中: 土地 売買
[2026-04-08 10:00:02]   Search error: HTTP Error 403: Forbidden
[2026-04-08 10:00:03]   検索中: 相続 不動産
[2026-04-08 10:00:04]   Search error: HTTP Error 403: Forbidden
[2026-04-08 10:00:05] 候補: 0人
[2026-04-08 10:00:05] フォロー候補が見つかりませんでした
[2026-04-08 18:00:00] === Auto Follow 開始 (max=10) ===
[2026-04-08 18:00:00] 検索キーワード: ['不動産 査定', '不動産投資', 'マンション 購入']
[2026-04-08 18:00:00]   検索中: 不動産 査定
[2026-04-08 18:00:00]   Search error: HTTP Error 403: Forbidden
[2026-04-08 18:00:01]   検索中: 不動産投資
[2026-04-08 18:00:02]   Search error: HTTP Error 403: Forbidden
[2026-04-08 18:00:03]   検索中: マンション 購入
[2026-04-08 18:00:03]   Search error: HTTP Error 403: Forbidden
[2026-04-08 18:00:04] 候補: 0人
[2026-04-08 18:00:04] フォロー候補が見つかりませんでした
[2026-04-09 10:00:00] === Auto Follow 開始 (max=10) ===
[2026-04-09 10:00:00] 検索キーワード: ['不動産投資', 'マンション 売却', '不動産 相場']
[2026-04-09 10:00:00]   検索中: 不動産投資
[2026-04-09 10:00:01]   Search error: HTTP Error 403: Forbidden
[2026-04-09 10:00:02]   検索中: マンション 売却
[2026-04-09 10:00:02]   Search error: HTTP Error 403: Forbidden
[2026-04-09 10:00:03]   検索中: 不動産 相場
[2026-04-09 10:00:03]   Search error: HTTP Error 403: Forbidden
[2026-04-09 10:00:04] 候補: 0人
[2026-04-09 10:00:04] フォロー候補が見つかりませんでした
[2026-04-09 18:00:00] === Auto Follow 開始 (max=10) ===
[2026-04-09 18:00:00] 検索キーワード: ['固定資産税', 'マンション 売却', '住み替え']
[2026-04-09 18:00:00]   検索中: 固定資産税
[2026-04-09 18:00:00]   Search error: <urlopen error [Errno 11001] getaddrinfo failed>
[2026-04-09 18:00:01]   検索中: マンション 売却
[2026-04-09 18:00:01]   Search error: <urlopen error [Errno 11001] getaddrinfo failed>
[2026-04-09 18:00:02]   検索中: 住み替え
[2026-04-09 18:00:02]   Search error: <urlopen error [Errno 11001] getaddrinfo failed>
[2026-04-09 18:00:03] 候補: 0人
[2026-04-09 18:00:03] フォロー候補が見つかりませんでした
[2026-04-10 10:00:09] === Auto Follow 開始 (max=10) ===
[2026-04-10 10:00:09] 検索キーワード: ['賃貸経営', '不動産 査定', 'マンション管理']
[2026-04-10 10:00:09]   検索中: 賃貸経営
[2026-04-10 10:00:09]   Search error: HTTP Error 403: Forbidden
[2026-04-10 10:00:10]   検索中: 不動産 査定
[2026-04-10 10:00:10]   Search error: HTTP Error 403: Forbidden
[2026-04-10 10:00:11]   検索中: マンション管理
[2026-04-10 10:00:12]   Search error: HTTP Error 403: Forbidden
[2026-04-10 10:00:13] 候補: 0人
[2026-04-10 10:00:13] フォロー候補が見つかりませんでした
[2026-04-10 18:00:10] === Auto Follow 開始 (max=10) ===
[2026-04-10 18:00:10] 検索キーワード: ['不動産 確定申告', '不動産投資', '不動産 相場']
[2026-04-10 18:00:10]   検索中: 不動産 確定申告
[2026-04-10 18:00:10]   Search error: HTTP Error 403: Forbidden
[2026-04-10 18:00:11]   検索中: 不動産投資
[2026-04-10 18:00:12]   Search error: HTTP Error 403: Forbidden
[2026-04-10 18:00:13]   検索中: 不動産 相場
[2026-04-10 18:00:13]   Search error: HTTP Error 403: Forbidden
[2026-04-10 18:00:14] 候補: 0人
[2026-04-10 18:00:14] フォロー候補が見つかりませんでした
[2026-04-11 10:00:00] === Auto Follow 開始 (max=10) ===
[2026-04-11 10:00:00] 検索キーワード: ['不動産 相場', '不動産 確定申告', '固定資産税']
[2026-04-11 10:00:00]   検索中: 不動産 相場
[2026-04-11 10:00:00]   Search error: HTTP Error 403: Forbidden
[2026-04-11 10:00:01]   検索中: 不動産 確定申告
[2026-04-11 10:00:02]   Search error: HTTP Error 403: Forbidden
[2026-04-11 10:00:03]   検索中: 固定資産税
[2026-04-11 10:00:03]   Search error: HTTP Error 403: Forbidden
[2026-04-11 10:00:04] 候補: 0人
[2026-04-11 10:00:04] フォロー候補が見つかりませんでした
[2026-04-11 18:00:01] === Auto Follow 開始 (max=10) ===
[2026-04-11 18:00:01] 検索キーワード: ['賃貸経営', '不動産 査定', '住み替え']
[2026-04-11 18:00:01]   検索中: 賃貸経営
[2026-04-11 18:00:01]   Search error: HTTP Error 403: Forbidden
[2026-04-11 18:00:02]   検索中: 不動産 査定
[2026-04-11 18:00:02]   Search error: HTTP Error 403: Forbidden
[2026-04-11 18:00:03]   検索中: 住み替え
[2026-04-11 18:00:03]   Search error: HTTP Error 403: Forbidden
[2026-04-11 18:00:04] 候補: 0人
[2026-04-11 18:00:04] フォロー候補が見つかりませんでした
[2026-04-12 10:00:01] === Auto Follow 開始 (max=10) ===
[2026-04-12 10:00:01] 検索キーワード: ['不動産 確定申告', 'リノベーション', '不動産投資']
[2026-04-12 10:00:01]   検索中: 不動産 確定申告
[2026-04-12 10:00:01]   Search error: HTTP Error 403: Forbidden
[2026-04-12 10:00:02]   検索中: リノベーション
[2026-04-12 10:00:02]   Search error: HTTP Error 403: Forbidden
[2026-04-12 10:00:03]   検索中: 不動産投資
[2026-04-12 10:00:04]   Search error: HTTP Error 403: Forbidden
[2026-04-12 10:00:05] 候補: 0人
[2026-04-12 10:00:05] フォロー候補が見つかりませんでした
[2026-04-12 18:00:01] === Auto Follow 開始 (max=10) ===
[2026-04-12 18:00:01] 検索キーワード: ['不動産 相場', '住宅ローン 金利', 'ワンルーム投資']
[2026-04-12 18:00:01]   検索中: 不動産 相場
[2026-04-12 18:00:01]   Search error: HTTP Error 403: Forbidden
[2026-04-12 18:00:02]   検索中: 住宅ローン 金利
[2026-04-12 18:00:03]   Search error: HTTP Error 403: Forbidden
[2026-04-12 18:00:04]   検索中: ワンルーム投資
[2026-04-12 18:00:04]   Search error: HTTP Error 403: Forbidden
[2026-04-12 18:00:05] 候補: 0人
[2026-04-12 18:00:05] フォロー候補が見つかりませんでした
[2026-04-13 10:00:00] === Auto Follow 開始 (max=10) ===
[2026-04-13 10:00:00] 検索キーワード: ['住み替え', '土地 売買', 'マイホーム']
[2026-04-13 10:00:00]   検索中: 住み替え
[2026-04-13 10:00:00]   Search error: HTTP Error 403: Forbidden
[2026-04-13 10:00:01]   検索中: 土地 売買
[2026-04-13 10:00:01]   Search error: HTTP Error 403: Forbidden
[2026-04-13 10:00:02]   検索中: マイホーム
[2026-04-13 10:00:02]   Search error: HTTP Error 403: Forbidden
[2026-04-13 10:00:03] 候補: 0人
[2026-04-13 10:00:03] フォロー候補が見つかりませんでした
[2026-04-13 18:00:01] === Auto Follow 開始 (max=10) ===
[2026-04-13 18:00:01] 検索キーワード: ['マンション管理', '住宅ローン 金利', '不動産 相場']
[2026-04-13 18:00:01]   検索中: マンション管理
[2026-04-13 18:00:01]   Search error: HTTP Error 403: Forbidden
[2026-04-13 18:00:02]   検索中: 住宅ローン 金利
[2026-04-13 18:00:02]   Search error: HTTP Error 403: Forbidden
[2026-04-13 18:00:03]   検索中: 不動産 相場
[2026-04-13 18:00:03]   Search error: HTTP Error 403: Forbidden
[2026-04-13 18:00:04] 候補: 0人
[2026-04-13 18:00:04] フォロー候補が見つかりませんでした
