[2026-04-01 22:52:31] === 週刊レポート送信開始 ===
[2026-04-01 22:52:31] 購読者が0人のためスキップ
[2026-04-02 08:03:26] === 週刊レポート送信開始 ===
[2026-04-02 08:03:26] 購読者が0人のためスキップ
[2026-04-02 08:05:58] === 週刊レポート ドラフト生成開始 ===
[2026-04-02 08:05:58] 対象期間: 2026年 Q1
[2026-04-02 08:05:58]   東京都 データ取得中...
[2026-04-02 08:05:58]   API error for area=13: 'utf-8' codec can't decode byte 0x8b in position 1: invalid start byte
[2026-04-02 08:05:58]   神奈川県 データ取得中...
[2026-04-02 08:05:58]   API error for area=14: 'utf-8' codec can't decode byte 0x8b in position 1: invalid start byte
[2026-04-02 08:05:58]   大阪府 データ取得中...
[2026-04-02 08:05:58]   API error for area=27: 'utf-8' codec can't decode byte 0x8b in position 1: invalid start byte
[2026-04-02 08:05:58]   愛知県 データ取得中...
[2026-04-02 08:05:59]   API error for area=23: 'utf-8' codec can't decode byte 0x8b in position 1: invalid start byte
[2026-04-02 08:05:59]   福岡県 データ取得中...
[2026-04-02 08:05:59]   API error for area=40: 'utf-8' codec can't decode byte 0x8b in position 1: invalid start byte
[2026-04-02 08:05:59] ドラフト保存: draft_20260402_080559.json
[2026-04-02 08:05:59]   Send error to admin@next-aura.com: HTTP Error 403: Forbidden
[2026-04-02 08:05:59] 管理者通知送信FAIL: admin@next-aura.com
[2026-04-02 08:05:59] === ドラフト生成完了。--approve で配信 ===
[2026-04-02 08:06:54] === 週刊レポート ドラフト生成開始 ===
[2026-04-02 08:06:54] 対象期間: 2026年 Q1
[2026-04-02 08:06:54]   東京都 データ取得中...
[2026-04-02 08:06:54]   神奈川県 データ取得中...
[2026-04-02 08:06:54]   大阪府 データ取得中...
[2026-04-02 08:06:55]   愛知県 データ取得中...
[2026-04-02 08:06:55]   福岡県 データ取得中...
[2026-04-02 08:06:55] ドラフト保存: draft_20260402_080655.json
[2026-04-02 08:06:55] 管理者通知送信OK: admin@next-aura.com
[2026-04-02 08:06:55] === ドラフト生成完了。--approve で配信 ===
[2026-04-02 08:07:58] === 週刊レポート ドラフト生成開始 ===
[2026-04-02 08:07:58] 対象期間: 2026年 Q1
[2026-04-02 08:07:58]   東京都 データ取得中...
[2026-04-02 08:07:58]   神奈川県 データ取得中...
[2026-04-02 08:07:59]   大阪府 データ取得中...
[2026-04-02 08:07:59]   愛知県 データ取得中...
[2026-04-02 08:07:59]   福岡県 データ取得中...
[2026-04-02 08:07:59] ドラフト保存: draft_20260402_080759.json
[2026-04-02 08:08:00] 管理者通知送信OK: admin@next-aura.com
[2026-04-02 08:08:00] === ドラフト生成完了。--approve で配信 ===
[2026-04-02 08:24:23] === 週刊レポート ドラフト生成開始 ===
[2026-04-02 08:24:23] 対象期間: 2026年 Q1
[2026-04-02 08:24:23]   東京都 データ取得中...
[2026-04-02 08:24:24]   神奈川県 データ取得中...
[2026-04-02 08:24:24]   大阪府 データ取得中...
[2026-04-02 08:24:24]   愛知県 データ取得中...
[2026-04-02 08:24:25]   福岡県 データ取得中...
[2026-04-02 08:24:25] ドラフト保存: draft_20260402_082425.json
[2026-04-02 08:24:26] 管理者通知送信OK: admin@next-aura.com
[2026-04-02 08:24:26] === ドラフト生成完了。--approve で配信 ===
[2026-04-02 08:30:07] === 週刊レポート ドラフト生成開始 ===
[2026-04-02 08:30:07] 対象期間: 2025年 Q4
[2026-04-02 08:30:07]   東京都 データ取得中...
[2026-04-02 08:30:08]   API error for area=13: HTTP Error 404: Not Found
[2026-04-02 08:30:08]   神奈川県 データ取得中...
[2026-04-02 08:30:08]   API error for area=14: HTTP Error 404: Not Found
[2026-04-02 08:30:08]   大阪府 データ取得中...
[2026-04-02 08:30:08]   API error for area=27: HTTP Error 404: Not Found
[2026-04-02 08:30:08]   愛知県 データ取得中...
[2026-04-02 08:30:09]   API error for area=23: HTTP Error 404: Not Found
[2026-04-02 08:30:09]   福岡県 データ取得中...
[2026-04-02 08:30:09]   API error for area=40: HTTP Error 404: Not Found
[2026-04-02 08:30:09] ドラフト保存: draft_20260402_083009.json
[2026-04-02 08:30:10] 管理者通知送信OK: admin@next-aura.com
[2026-04-02 08:30:10] === ドラフト生成完了。--approve で配信 ===
[2026-04-02 08:30:32] === 週刊レポート ドラフト生成開始 ===
[2026-04-02 08:30:34]   利用可能四半期検出: 2025年 Q3
[2026-04-02 08:30:34] 対象期間: 2025年 Q3
[2026-04-02 08:30:34]   東京都 データ取得中...
[2026-04-02 08:30:36]   神奈川県 データ取得中...
[2026-04-02 08:30:37]   大阪府 データ取得中...
[2026-04-02 08:30:38]   愛知県 データ取得中...
[2026-04-02 08:30:39]   福岡県 データ取得中...
[2026-04-02 08:30:39] ドラフト保存: draft_20260402_083039.json
[2026-04-02 08:30:40] 管理者通知送信OK: admin@next-aura.com
[2026-04-02 08:30:40] === ドラフト生成完了。--approve で配信 ===
[2026-04-02 08:44:41] === 週刊レポート ドラフト生成開始 ===
[2026-04-02 08:44:43]   利用可能四半期検出: 2025年 Q3
[2026-04-02 08:44:43] 対象期間: 2025年 Q3
[2026-04-02 08:44:43]   東京都 データ取得中...
[2026-04-02 08:44:45]   神奈川県 データ取得中...
[2026-04-02 08:44:46]   大阪府 データ取得中...
[2026-04-02 08:44:48]   愛知県 データ取得中...
[2026-04-02 08:44:49]   福岡県 データ取得中...
[2026-04-02 08:44:49] ドラフト保存: draft_20260402_084449.json
[2026-04-02 08:44:50] 管理者通知送信OK: admin@next-aura.com
[2026-04-02 08:44:50] === ドラフト生成完了。--approve で配信 ===
[2026-04-02 09:16:40] === 週刊レポート ドラフト生成開始 ===
[2026-04-02 09:16:43]   利用可能四半期検出: 2025年 Q3
[2026-04-02 09:16:43] 対象期間: 2025年 Q3
[2026-04-02 09:16:43]   東京都 データ取得中...
[2026-04-02 09:16:45]   神奈川県 データ取得中...
[2026-04-02 09:16:46]   大阪府 データ取得中...
[2026-04-02 09:16:47]   愛知県 データ取得中...
[2026-04-02 09:16:48]   福岡県 データ取得中...
[2026-04-02 09:16:49]   API error for area=13112: HTTP Error 400: Bad Request
[2026-04-02 09:16:49] ドラフト保存: draft_20260402_091649.json
[2026-04-02 09:16:50] 管理者通知送信OK: admin@next-aura.com
[2026-04-02 09:16:50] === ドラフト生成完了。--approve で配信 ===
[2026-04-02 09:23:28] === 週刊レポート ドラフト生成開始 ===
[2026-04-02 09:23:29]   利用可能四半期検出: 2025年 Q3
[2026-04-02 09:23:29] 対象期間: 2025年 Q3
[2026-04-02 09:23:29]   東京都 データ取得中...
[2026-04-02 09:23:30]   神奈川県 データ取得中...
[2026-04-02 09:23:31]   大阪府 データ取得中...
[2026-04-02 09:23:32]   愛知県 データ取得中...
[2026-04-02 09:23:32]   福岡県 データ取得中...
[2026-04-02 09:23:33]   API error for area=13112: HTTP Error 400: Bad Request
[2026-04-02 09:23:33] ドラフト保存: draft_20260402_092333.json
[2026-04-02 09:23:34] 管理者通知送信OK: admin@next-aura.com
[2026-04-02 09:23:34] === ドラフト生成完了。--approve で配信 ===
[2026-04-02 12:56:25] === 週刊レポート ドラフト生成開始 ===
[2026-04-02 12:56:27]   利用可能四半期検出: 2025年 Q3
[2026-04-02 12:56:27] 対象期間: 2025年 Q3
[2026-04-02 12:56:27]   東京都 データ取得中...
[2026-04-02 12:56:29]   神奈川県 データ取得中...
[2026-04-02 12:56:30]   大阪府 データ取得中...
[2026-04-02 12:56:31]   愛知県 データ取得中...
[2026-04-02 12:56:32]   福岡県 データ取得中...
[2026-04-02 12:56:33]   API error for area=13112: HTTP Error 400: Bad Request
[2026-04-02 12:56:33] ドラフト保存: draft_20260402_125633.json
[2026-04-02 12:56:34] 管理者通知送信OK: admin@next-aura.com
[2026-04-02 12:56:34] === ドラフト生成完了。--approve で配信 ===
[2026-04-03 21:10:54] === 週刊レポート ドラフト生成開始 ===
[2026-04-03 21:10:55] 対象期間: 2025年 Q3
[2026-04-03 21:10:55]   東京都 データ取得中...
[2026-04-03 21:10:55]   API error for area=13: <urlopen error [Errno 11001] getaddrinfo failed>
[2026-04-03 21:10:55]   神奈川県 データ取得中...
[2026-04-03 21:10:55]   API error for area=14: <urlopen error [Errno 11001] getaddrinfo failed>
[2026-04-03 21:10:55]   大阪府 データ取得中...
[2026-04-03 21:10:55]   API error for area=27: <urlopen error [Errno 11001] getaddrinfo failed>
[2026-04-03 21:10:55]   愛知県 データ取得中...
[2026-04-03 21:10:55]   API error for area=23: <urlopen error [Errno 11001] getaddrinfo failed>
[2026-04-03 21:10:55]   福岡県 データ取得中...
[2026-04-03 21:10:55]   API error for area=40: <urlopen error [Errno 11001] getaddrinfo failed>
[2026-04-03 21:10:55] 全エリアでデータ取得できず。ドラフト生成をスキップ。
[2026-04-03 23:24:53] === 週刊レポート ドラフト生成開始 ===
[2026-04-03 23:24:53] 対象期間: 2025年 Q3
[2026-04-03 23:24:53]   東京都 データ取得中...
[2026-04-03 23:24:53]   API error for area=13: <urlopen error [Errno 11001] getaddrinfo failed>
[2026-04-03 23:24:53]   神奈川県 データ取得中...
[2026-04-03 23:24:53]   API error for area=14: <urlopen error [Errno 11001] getaddrinfo failed>
[2026-04-03 23:24:53]   大阪府 データ取得中...
[2026-04-03 23:24:53]   API error for area=27: <urlopen error [Errno 11001] getaddrinfo failed>
[2026-04-03 23:24:53]   愛知県 データ取得中...
[2026-04-03 23:24:53]   API error for area=23: <urlopen error [Errno 11001] getaddrinfo failed>
[2026-04-03 23:24:53]   福岡県 データ取得中...
[2026-04-03 23:24:53]   API error for area=40: <urlopen error [Errno 11001] getaddrinfo failed>
[2026-04-03 23:24:53] 全エリアでデータ取得できず。ドラフト生成をスキップ。
[2026-04-06 08:59:53] === 週刊レポート ドラフト生成開始 ===
[2026-04-06 08:59:55]   利用可能四半期検出: 2025年 Q3
[2026-04-06 08:59:55] 対象期間: 2025年 Q3
[2026-04-06 08:59:55]   東京都 データ取得中...
[2026-04-06 08:59:57]   神奈川県 データ取得中...
[2026-04-06 08:59:58]   大阪府 データ取得中...
[2026-04-06 08:59:59]   愛知県 データ取得中...
[2026-04-06 09:00:00] === 週刊レポート ドラフト生成開始 ===
[2026-04-06 09:00:03]   利用可能四半期検出: 2025年 Q3
[2026-04-06 09:00:03] 対象期間: 2025年 Q3
[2026-04-06 09:00:03]   東京都 データ取得中...
[2026-04-06 09:00:05]   神奈川県 データ取得中...
[2026-04-06 09:00:06]   大阪府 データ取得中...
[2026-04-06 09:00:07]   愛知県 データ取得中...
[2026-04-06 09:00:08]   福岡県 データ取得中...
[2026-04-06 09:00:09]   API error for area=13114: HTTP Error 400: Bad Request
[2026-04-06 09:00:09] ドラフト保存: draft_20260406_090009.json
[2026-04-06 09:00:09] 管理者通知送信OK: admin@next-aura.com
[2026-04-06 09:00:09] === ドラフト生成完了。--approve で配信 ===
[2026-04-07 07:33:53] === 週刊レポート ドラフト生成開始 ===
[2026-04-07 07:33:55]   利用可能四半期検出: 2025年 Q3
[2026-04-07 07:33:55] 対象期間: 2025年 Q3
[2026-04-07 07:33:55]   東京都 データ取得中...
[2026-04-07 07:33:56]   神奈川県 データ取得中...
[2026-04-07 07:33:57]   大阪府 データ取得中...
[2026-04-07 07:33:58]   愛知県 データ取得中...
[2026-04-07 07:33:59]   福岡県 データ取得中...
[2026-04-07 07:34:00]   API error for area=13114: HTTP Error 400: Bad Request
[2026-04-07 07:34:00] ドラフト保存: draft_20260407_073400.json
[2026-04-07 07:34:00] 管理者通知送信OK: admin@next-aura.com
[2026-04-07 07:34:00] === ドラフト生成完了。--approve で配信 ===
